<?xml version="1.0" encoding="UTF-8"?>
<!-- Generated by org.testng.reporters.JUnitReportReporter -->
<testsuite hostname="salils" name="Execution.Post_Teacher" tests="1" failures="0" timestamp="20 Jun 2018 06:35:42 GMT" time="11.757" errors="0">
  <testcase name="verify_user_able_to_add_SubComment" time="11.757" classname="Execution.Post_Teacher"/>
</testsuite> <!-- Execution.Post_Teacher -->
