<?xml version="1.0" encoding="UTF-8"?>
<!-- Generated by org.testng.reporters.JUnitReportReporter -->
<testsuite hostname="salils" name="Execution.SignUp" tests="1" failures="0" timestamp="14 Jun 2018 12:48:47 GMT" time="17.772" errors="0">
  <testcase name="Verify_SignUp_Student" time="17.772" classname="Execution.SignUp"/>
</testsuite> <!-- Execution.SignUp -->
