<?xml version="1.0" encoding="UTF-8"?>
<!-- Generated by org.testng.reporters.JUnitReportReporter -->
<testsuite hostname="salils" name="Execution.HomePage" tests="1" failures="0" timestamp="13 Jun 2018 06:52:21 GMT" time="10.177" errors="0">
  <testcase name="getURL" time="10.177" classname="Execution.HomePage"/>
</testsuite> <!-- Execution.HomePage -->
