<?xml version="1.0" encoding="UTF-8"?>
<!-- Generated by org.testng.reporters.JUnitReportReporter -->
<testsuite hostname="salils" name="Execution.ForgotPassword" tests="22" failures="0" timestamp="14 Jun 2018 07:14:17 GMT" time="96.798" errors="0">
  <testcase name="Validate_Forgot_Password" time="4.338" classname="Execution.ForgotPassword"/>
  <testcase name="Validate_Forgot_Password" time="3.173" classname="Execution.ForgotPassword"/>
  <testcase name="Validate_Forgot_Password" time="3.320" classname="Execution.ForgotPassword"/>
  <testcase name="verify_with_UnRegisteredEmail" time="3.199" classname="Execution.ForgotPassword"/>
  <testcase name="verify_Forgot_Link_Is_Working" time="2.540" classname="Execution.ForgotPassword"/>
  <testcase name="verify_with_UnRegistered_MobileNumber" time="3.230" classname="Execution.ForgotPassword"/>
  <testcase name="verify_SignIn_Link_Working_After_Reset_Password" time="6.660" classname="Execution.ForgotPassword"/>
  <testcase name="verify_Forgot_Passowrd_Work_Properly" time="13.829" classname="Execution.ForgotPassword"/>
  <testcase name="verify_With_Empty_Field" time="3.227" classname="Execution.ForgotPassword"/>
  <testcase name="Validate_Forgot_Password" time="3.191" classname="Execution.ForgotPassword"/>
  <testcase name="verify_With_Adding_Space" time="3.654" classname="Execution.ForgotPassword"/>
  <testcase name="verify_With_eleven_Digit_Mobile_Number" time="3.220" classname="Execution.ForgotPassword"/>
  <testcase name="verify_With_Character_In_MobileNumber" time="3.479" classname="Execution.ForgotPassword"/>
  <testcase name="verify_With_Spl_Chacter_In_MobileNumber" time="3.404" classname="Execution.ForgotPassword"/>
  <testcase name="verify_Reset_Password_Is_Working" time="7.429" classname="Execution.ForgotPassword"/>
  <testcase name="Validate_Forgot_Password" time="3.193" classname="Execution.ForgotPassword"/>
  <testcase name="Validate_Forgot_Password" time="8.161" classname="Execution.ForgotPassword"/>
  <testcase name="Validate_Forgot_Password" time="3.264" classname="Execution.ForgotPassword"/>
  <testcase name="Validate_Forgot_Password" time="3.413" classname="Execution.ForgotPassword"/>
  <testcase name="Validate_Forgot_Password" time="3.234" classname="Execution.ForgotPassword"/>
  <testcase name="verify_for_Wrong_OTP" time="4.299" classname="Execution.ForgotPassword"/>
  <testcase name="verify_With_Nine_Digit_Mobile_Number" time="3.341" classname="Execution.ForgotPassword"/>
</testsuite> <!-- Execution.ForgotPassword -->
