<?xml version="1.0" encoding="UTF-8"?>
<!-- Generated by org.testng.reporters.JUnitReportReporter -->
<testsuite hostname="salils" name="Execution.Post" tests="1" failures="0" timestamp="18 Jun 2018 09:56:09 GMT" time="9.376" errors="0">
  <testcase name="Verify_User_Able_to_Add_post_for_Teacher" time="9.376" classname="Execution.Post"/>
</testsuite> <!-- Execution.Post -->
